<?xml version="1.0" encoding="UTF-8" ?>
<testsuite errors="0" failures="1" hostname="U-INF-J-C002-09" name="com.rpouiller.TestSimple" skipped="0" tests="3" time="0.249" timestamp="2022-09-22T07:46:39">
  <properties>
[...]
</properties>
  <testcase classname="com.rpouiller.TestSimple" name="additionAvecDeuxNombres" time="0.191" />
  <testcase classname="com.rpouiller.TestSimple" name="additionAvecCinqNombres" time="0.0" />
  <testcase classname="com.rpouiller.TestSimple" name="mutiplicationAvecDeuxNombres" time="0.002">
    <failure message="expected:&lt;200&gt; but was:&lt;0&gt;" type="junit.framework.AssertionFailedError">junit.framework.AssertionFailedError: expected:&lt;200&gt; but was:&lt;0&gt;
	at com.rpouiller.TestSimple.mutiplicationAvecDeuxNombres(Unknown Source)
	at java.base/jdk.internal.reflect.NativeMethodAccessorImpl.invoke0(Native Method)
	at java.base/jdk.internal.reflect.NativeMethodAccessorImpl.invoke(NativeMethodAccessorImpl.java:62)
	at java.base/jdk.internal.reflect.DelegatingMethodAccessorImpl.invoke(DelegatingMethodAccessorImpl.java:43)
</failure>
  </testcase>
  <system-out><![CDATA[]]></system-out>
  <system-err><![CDATA[]]></system-err>
</testsuite>
