<?xml version="1.0" encoding="UTF-8" ?>
<testsuite errors="1" failures="0" hostname="DESKTOP-L9I2K1D" name="com.rpouiller.TestSimple" skipped="0" tests="1" time="0.0" timestamp="2022-09-21T14:53:16">
  <properties>
[...]
</properties>
  <error message="com.rpouiller.TestSimple" type="java.lang.ClassNotFoundException">java.lang.ClassNotFoundException: com.rpouiller.TestSimple
	at java.base/jdk.internal.loader.BuiltinClassLoader.loadClass(BuiltinClassLoader.java:641)
	at java.base/jdk.internal.loader.ClassLoaders$AppClassLoader.loadClass(ClassLoaders.java:188)
	at java.base/java.lang.ClassLoader.loadClass(ClassLoader.java:521)
	at java.base/java.lang.Class.forName0(Native Method)
	at java.base/java.lang.Class.forName(Class.java:495)
	at java.base/java.lang.Class.forName(Class.java:474)
</error>
  <system-out><![CDATA[]]></system-out>
  <system-err><![CDATA[]]></system-err>
</testsuite>
